<?xml version="1.0" encoding="UTF-8"?>
<!-- Generated by org.testng.reporters.JUnitXMLReporter -->
<testsuite hostname="LAP-UpasanaM" failures="0" tests="5" name="Test" time="226.028" errors="0" timestamp="18 Apr 2022 17:04:34 GMT">
  <testcase classname="StepDefinition.TestRunner" name="runScenario" time="48.545"/>
  <testcase classname="StepDefinition.TestRunner" name="runScenario" time="43.484"/>
  <testcase classname="StepDefinition.TestRunner" name="runScenario" time="46.428"/>
  <testcase classname="StepDefinition.TestRunner" name="runScenario" time="42.965"/>
  <testcase classname="StepDefinition.TestRunner" name="runScenario" time="43.601"/>
</testsuite> <!-- Test -->
