<?xml version="1.0" encoding="UTF-8"?>
<testsuite xmlns:xsi="http://www.w3.org/2001/XMLSchema-instance" xsi:noNamespaceSchemaLocation="https://maven.apache.org/surefire/maven-surefire-plugin/xsd/surefire-test-report.xsd" name="TestSuite" time="227.937" tests="5" errors="0" skipped="0" failures="0">
  <properties>
[...]
</properties>
  <testcase name="runScenario" classname="StepDefinition.TestRunner" time="48.547"/>
  <testcase name="runScenario" classname="StepDefinition.TestRunner" time="43.485"/>
  <testcase name="runScenario" classname="StepDefinition.TestRunner" time="46.429"/>
  <testcase name="runScenario" classname="StepDefinition.TestRunner" time="42.966"/>
  <testcase name="runScenario" classname="StepDefinition.TestRunner" time="43.602"/>
</testsuite>