<?xml version="1.0" encoding="UTF-8"?>
<testng-results total="6" passed="6" failed="0" skipped="0">
  <reporter-output>
  </reporter-output>
  <suite started-at="2022-04-18T05:26:30Z" name="Default suite" finished-at="2022-04-18T05:27:25Z" duration-ms="54560">
    <groups>
    </groups>
    <test started-at="2022-04-18T05:26:30Z" name="Default test" finished-at="2022-04-18T05:27:25Z" duration-ms="54560">
      <class name="StepDefinition.ExtentReportOnSearching">
        <test-method is-config="true" signature="setUp()[pri:0, instance:StepDefinition.ExtentReportOnSearching@56913163]" started-at="2022-04-18T10:56:30Z" name="setUp" finished-at="2022-04-18T10:56:36Z" duration-ms="6127" status="PASS">
          <reporter-output>
          </reporter-output>
        </test-method> <!-- setUp -->
        <test-method signature="getURL()[pri:1, instance:StepDefinition.ExtentReportOnSearching@56913163]" started-at="2022-04-18T10:56:36Z" name="getURL" finished-at="2022-04-18T10:56:42Z" duration-ms="5639" status="PASS">
          <reporter-output>
          </reporter-output>
        </test-method> <!-- getURL -->
        <test-method signature="data_search_box()[pri:2, instance:StepDefinition.ExtentReportOnSearching@56913163]" started-at="2022-04-18T10:56:42Z" name="data_search_box" finished-at="2022-04-18T10:56:46Z" duration-ms="4098" status="PASS">
          <reporter-output>
          </reporter-output>
        </test-method> <!-- data_search_box -->
        <test-method signature="search_box_click()[pri:3, instance:StepDefinition.ExtentReportOnSearching@56913163]" started-at="2022-04-18T10:56:46Z" name="search_box_click" finished-at="2022-04-18T10:56:56Z" duration-ms="9805" status="PASS">
          <reporter-output>
          </reporter-output>
        </test-method> <!-- search_box_click -->
        <test-method signature="search_price()[pri:4, instance:StepDefinition.ExtentReportOnSearching@56913163]" started-at="2022-04-18T10:56:56Z" name="search_price" finished-at="2022-04-18T10:57:06Z" duration-ms="9656" status="PASS">
          <reporter-output>
          </reporter-output>
        </test-method> <!-- search_price -->
        <test-method signature="search_location()[pri:5, instance:StepDefinition.ExtentReportOnSearching@56913163]" started-at="2022-04-18T10:57:06Z" name="search_location" finished-at="2022-04-18T10:57:15Z" duration-ms="9003" status="PASS">
          <reporter-output>
          </reporter-output>
        </test-method> <!-- search_location -->
        <test-method signature="searchship_option()[pri:6, instance:StepDefinition.ExtentReportOnSearching@56913163]" started-at="2022-04-18T10:57:15Z" name="searchship_option" finished-at="2022-04-18T10:57:25Z" duration-ms="10006" status="PASS">
          <reporter-output>
          </reporter-output>
        </test-method> <!-- searchship_option -->
        <test-method is-config="true" signature="showonly_option(java.lang.String)[pri:0, instance:StepDefinition.ExtentReportOnSearching@56913163]" started-at="2022-04-18T10:57:25Z" name="showonly_option" finished-at="2022-04-18T10:57:25Z" duration-ms="0" status="FAIL">
          <exception class="org.testng.TestNGException">
            <message>
              <![CDATA[
Method showonly_option requires 1 parameters but 0 were supplied in the @Configuration annotation.]]>
            </message>
            <full-stacktrace>
              <![CDATA[org.testng.TestNGException: 
Method showonly_option requires 1 parameters but 0 were supplied in the @Configuration annotation.
	at org.testng.internal.Parameters.checkParameterTypes(Parameters.java:191)
	at org.testng.internal.Parameters.createParameters(Parameters.java:127)
	at org.testng.internal.Parameters.createParameters(Parameters.java:376)
	at org.testng.internal.Parameters.createConfigurationParameters(Parameters.java:84)
	at org.testng.internal.Invoker.invokeConfigurations(Invoker.java:201)
	at org.testng.internal.Invoker.invokeConfigurations(Invoker.java:142)
	at org.testng.internal.TestMethodWorker.invokeAfterClassMethods(TestMethodWorker.java:232)
	at org.testng.internal.TestMethodWorker.run(TestMethodWorker.java:115)
	at org.testng.TestRunner.privateRun(TestRunner.java:782)
	at org.testng.TestRunner.run(TestRunner.java:632)
	at org.testng.SuiteRunner.runTest(SuiteRunner.java:366)
	at org.testng.SuiteRunner.runSequentially(SuiteRunner.java:361)
	at org.testng.SuiteRunner.privateRun(SuiteRunner.java:319)
	at org.testng.SuiteRunner.run(SuiteRunner.java:268)
	at org.testng.SuiteRunnerWorker.runSuite(SuiteRunnerWorker.java:52)
	at org.testng.SuiteRunnerWorker.run(SuiteRunnerWorker.java:86)
	at org.testng.TestNG.runSuitesSequentially(TestNG.java:1244)
	at org.testng.TestNG.runSuitesLocally(TestNG.java:1169)
	at org.testng.TestNG.run(TestNG.java:1064)
	at org.testng.remote.AbstractRemoteTestNG.run(AbstractRemoteTestNG.java:115)
	at org.testng.remote.RemoteTestNG.initAndRun(RemoteTestNG.java:251)
	at org.testng.remote.RemoteTestNG.main(RemoteTestNG.java:77)
]]>
            </full-stacktrace>
          </exception> <!-- org.testng.TestNGException -->
          <reporter-output>
          </reporter-output>
        </test-method> <!-- showonly_option -->
      </class> <!-- StepDefinition.ExtentReportOnSearching -->
    </test> <!-- Default test -->
  </suite> <!-- Default suite -->
</testng-results>
